Turn: 0
no ants lost a one on one fight this turn
1 ant found food this turn
The total number of ants is now: 4

Turn: 1
no ants lost a one on one fight this turn
1 ant found food this turn
The total number of ants is now: 5

Turn: 2
1 ant picked a fight he couldn't win this turn
1 ant found food this turn
The total number of ants is now: 5

Turn: 3
no ants lost a one on one fight this turn
1 ant found food this turn
The total number of ants is now: 6

Turn: 4
no ants lost a one on one fight this turn
2 ants found food this turn
The total number of ants is now: 8

Turn: 5
2 ants picked a fight they couldn't win this turn
1 ant found food this turn
The total number of ants is now: 7

Turn: 6
no ants lost a one on one fight this turn
2 ants found food this turn
The total number of ants is now: 9

Turn: 7
2 ants picked a fight they couldn't win this turn
4 ants found food this turn
The total number of ants is now: 11

Turn: 8
1 ant picked a fight he couldn't win this turn
5 ants found food this turn
The total number of ants is now: 15

Turn: 9
4 ants picked a fight they couldn't win this turn
3 ants found food this turn
The total number of ants is now: 14

Turn: 10
2 ants picked a fight they couldn't win this turn
5 ants found food this turn
The total number of ants is now: 17

Turn: 11
1 ant picked a fight he couldn't win this turn
3 ants found food this turn
The total number of ants is now: 19

Turn: 12
no ants lost a one on one fight this turn
4 ants found food this turn
The total number of ants is now: 23

Turn: 13
no ants lost a one on one fight this turn
5 ants found food this turn
The total number of ants is now: 28

Turn: 14
1 ant picked a fight he couldn't win this turn
6 ants found food this turn
The total number of ants is now: 33

Turn: 15
3 ants picked a fight they couldn't win this turn
8 ants found food this turn
The total number of ants is now: 38

Turn: 16
The anthill was attacked! no defending ants lost there lives
5 ants picked a fight they couldn't win this turn
10 ants found food this turn
The total number of ants is now: 43

Turn: 17
4 ants picked a fight they couldn't win this turn
13 ants found food this turn
The total number of ants is now: 52

Turn: 18
10 ants picked a fight they couldn't win this turn
8 ants found food this turn
The total number of ants is now: 50

Turn: 19
5 ants picked a fight they couldn't win this turn
15 ants found food this turn
The total number of ants is now: 60

Turn: 20
8 ants picked a fight they couldn't win this turn
19 ants found food this turn
The total number of ants is now: 71

Turn: 21
6 ants picked a fight they couldn't win this turn
17 ants found food this turn
The total number of ants is now: 82

Turn: 22
The anthill was attacked! no defending ants lost there lives
4 ants picked a fight they couldn't win this turn
21 ants found food this turn
The total number of ants is now: 99

Turn: 23
The anthill was attacked! no defending ants lost there lives
8 ants picked a fight they couldn't win this turn
26 ants found food this turn
The total number of ants is now: 117

